============================= test session starts ==============================
platform darwin -- Python 3.7.2, pytest-7.4.4, pluggy-1.2.0 -- /Users/mukeshmishra/My_Pro/ultragenius/Ugenv/bin/python
cachedir: .pytest_cache
rootdir: /Users/mukeshmishra/My_Pro/ultragenius
collecting ... collected 3 items

func_test.py::test_empty_string_returns_zero PASSED                      [ 33%]
func_test.py::test_single_number PASSED                                  [ 66%]
func_test.py::test_two_numbers PASSED                                    [100%]

============================== 3 passed in 0.00s ===============================
